GET /users/ {} {} 200 8.091 ms
GET /users/ {} {} 500 13.361 ms
GET /users {} {} 200 4.950 ms
POST /boards {} {"title":"Autotest board","columns":[{"title":"Backlog","order":1,"id":"25699fa0-2fca-47dd-a98e-e4fa5591506a"},{"title":"Sprint","order":2,"id":"8760a84d-73f1-4be8-9810-b67c28bb3f26"}]} 200 29.992 ms
POST /boards {} {"title":"Autotest board","columns":[{"title":"Backlog","order":1,"id":"e8d88474-02d0-4c22-a118-5208cb731a56"},{"title":"Sprint","order":2,"id":"9c09591f-2d52-44f7-a86b-88ecc1066cfc"}]} 200 1.604 ms
POST /users {} {"name":"TEST_USER","login":"test_user","password":"T35t_P@55w0rd"} 200 2.629 ms
POST /boards/af790be4-e46f-46f0-be67-82f2b264863f/tasks {} {"title":"Autotest task","order":0,"description":"Lorem ipsum","userId":null,"boardId":null,"columnId":null} 200 2.997 ms
GET /users/ecb85421-182e-436e-b8bb-a1fa97560a8f {} {} 200 1.300 ms
GET /boards {} {} 200 2.177 ms
GET /boards/af790be4-e46f-46f0-be67-82f2b264863f/tasks {} {} 200 0.924 ms
DELETE /users/ecb85421-182e-436e-b8bb-a1fa97560a8f {} {} 204 2.233 ms
POST /users {} {"name":"TEST_USER","login":"test_user","password":"T35t_P@55w0rd"} 200 1.134 ms
GET /boards {} {} 200 0.881 ms
GET /boards/af790be4-e46f-46f0-be67-82f2b264863f/tasks {} {} 200 0.702 ms
GET /boards/af790be4-e46f-46f0-be67-82f2b264863f {} {} 200 1.348 ms
GET /boards/af790be4-e46f-46f0-be67-82f2b264863f/tasks/887c01a5-3a48-4327-844c-0bdce4cd0d62 {} {} 200 1.391 ms
DELETE /users/d5cfd176-859f-4c61-abbe-c2fe9ba3bfbf {} {} 204 0.817 ms
POST /boards {} {"title":"Autotest board","columns":[{"title":"Backlog","order":1,"id":"c9744478-3129-49be-b87a-8cb965b96756"},{"title":"Sprint","order":2,"id":"4db086e3-8bcb-4c27-bc39-c36cb7f707b5"}]} 200 1.167 ms
POST /boards/af790be4-e46f-46f0-be67-82f2b264863f/tasks {} {"title":"Autotest task","order":0,"description":"Lorem ipsum","userId":null,"boardId":null,"columnId":null} 200 2.749 ms
POST /users {} {"name":"TEST_USER","login":"test_user","password":"T35t_P@55w0rd"} 200 1.089 ms
DELETE /boards/de657abe-6cda-4f0f-8e11-789c60ea72ef {} {} 204 1.034 ms
DELETE /boards/af790be4-e46f-46f0-be67-82f2b264863f/tasks/7d1fe074-fec1-4d0d-97c6-b2f1fae23ff8 {} {} 204 0.873 ms
PUT /users/47a5d0d5-a759-4ae6-b576-58bee76d7a90 {} {"name":"Autotest updated TEST_USER","login":"test_user","password":"T35t_P@55w0rd","id":"47a5d0d5-a759-4ae6-b576-58bee76d7a90"} 200 1.646 ms
POST /boards {} {"title":"Autotest board","columns":[{"title":"Backlog","order":1,"id":"20f8e103-d8a5-45b5-b368-155a18425501"},{"title":"Sprint","order":2,"id":"eb7bab78-dcac-405c-895f-6d9bc9606933"}]} 200 1.015 ms
GET /users/47a5d0d5-a759-4ae6-b576-58bee76d7a90 {} {} 200 0.841 ms
POST /boards/af790be4-e46f-46f0-be67-82f2b264863f/tasks {} {"title":"Autotest task","order":0,"description":"Lorem ipsum","userId":null,"boardId":null,"columnId":null} 200 1.684 ms
PUT /boards/e267991d-ef58-4dea-a5c3-a900ac6fdaa7 {} {"id":"e267991d-ef58-4dea-a5c3-a900ac6fdaa7","title":"Autotest updated board","columns":[{"title":"Backlog","order":1,"id":"20f8e103-d8a5-45b5-b368-155a18425501"},{"title":"Sprint","order":2,"id":"eb7bab78-dcac-405c-895f-6d9bc9606933"}]} 200 1.387 ms
DELETE /users/47a5d0d5-a759-4ae6-b576-58bee76d7a90 {} {} 204 0.518 ms
PUT /boards/af790be4-e46f-46f0-be67-82f2b264863f/tasks/1b870dbd-ade0-42d8-a77a-391fbb0beff3 {} {"id":"1b870dbd-ade0-42d8-a77a-391fbb0beff3","title":"Autotest updated task","order":0,"description":"Lorem ipsum","userId":null,"boardId":"af790be4-e46f-46f0-be67-82f2b264863f","columnId":null} 200 1.347 ms
GET /boards/e267991d-ef58-4dea-a5c3-a900ac6fdaa7 {} {} 200 0.547 ms
POST /users {} {"name":"TEST_USER","login":"test_user","password":"T35t_P@55w0rd"} 200 1.073 ms
GET /boards/af790be4-e46f-46f0-be67-82f2b264863f/tasks/1b870dbd-ade0-42d8-a77a-391fbb0beff3 {} {} 200 0.618 ms
DELETE /boards/e267991d-ef58-4dea-a5c3-a900ac6fdaa7 {} {} 204 0.508 ms
DELETE /users/bb967daa-ca33-431c-ba76-2727f0917bff {} {} 204 0.488 ms
GET /boards/af790be4-e46f-46f0-be67-82f2b264863f/tasks/887c01a5-3a48-4327-844c-0bdce4cd0d62 {} {} 200 0.879 ms
POST /users {} {"name":"TEST_USER","login":"test_user","password":"T35t_P@55w0rd"} 200 0.918 ms
POST /boards {} {"title":"Autotest board","columns":[{"title":"Backlog","order":1,"id":"b2011429-8b4c-40e7-86e0-7dae35689316"},{"title":"Sprint","order":2,"id":"5926e69d-9c86-42ba-aa56-e4bab7b89a2b"}]} 200 1.026 ms
DELETE /boards/af790be4-e46f-46f0-be67-82f2b264863f/tasks/887c01a5-3a48-4327-844c-0bdce4cd0d62 {} {} 204 0.524 ms
POST /boards {} {"title":"Autotest board","columns":[{"title":"Backlog","order":1,"id":"37dbe0fc-2944-4a3a-84f9-2de64b4a9c7c"},{"title":"Sprint","order":2,"id":"6f3d9a06-4fae-4843-93c6-f10c878200dc"}]} 200 1.194 ms
DELETE /boards/10d420fc-b011-495a-bd5c-9f51919da9e5 {} {} 204 0.509 ms
POST /boards/8bde1db3-a006-451e-b060-dbbcbca32b27/tasks {} {"title":"Task #1","order":1,"description":"Lorem ipsum","userId":"33b71aaf-3ff9-4f2a-880f-e02692abccf7","boardId":"8bde1db3-a006-451e-b060-dbbcbca32b27"} 200 1.347 ms
POST /boards/8bde1db3-a006-451e-b060-dbbcbca32b27/tasks {} {"title":"Task #2","order":2,"description":"Lorem ipsum","userId":"33b71aaf-3ff9-4f2a-880f-e02692abccf7","boardId":"8bde1db3-a006-451e-b060-dbbcbca32b27"} 200 0.908 ms
GET /boards/af790be4-e46f-46f0-be67-82f2b264863f/tasks/887c01a5-3a48-4327-844c-0bdce4cd0d62 {} {} 404 0.445 ms
GET /boards/10d420fc-b011-495a-bd5c-9f51919da9e5 {} {} 404 0.378 ms
DELETE /users/33b71aaf-3ff9-4f2a-880f-e02692abccf7 {} {} 204 0.650 ms
DELETE /boards/af790be4-e46f-46f0-be67-82f2b264863f {} {} 204 0.802 ms
POST /boards {} {"title":"Autotest board","columns":[{"title":"Backlog","order":1,"id":"0f7180c2-7698-444b-8d75-f7ccd6f17e15"},{"title":"Sprint","order":2,"id":"83252e1c-601d-42f3-a5d0-0e70099da279"}]} 200 2.214 ms
GET /boards/8bde1db3-a006-451e-b060-dbbcbca32b27/tasks/370b4988-df66-4333-93c1-ab1f00cb93cf {} {} 200 0.585 ms
GET /boards/8bde1db3-a006-451e-b060-dbbcbca32b27/tasks/279bb72c-e790-4682-a785-bf73be563ccd {} {} 200 0.624 ms
POST /boards/533bf3f9-58ce-4e67-b221-27d92776e4da/tasks {} {"title":"Task #2","order":2,"description":"Lorem ipsum","boardId":"533bf3f9-58ce-4e67-b221-27d92776e4da","userId":null,"columnId":null} 200 1.191 ms
POST /boards/533bf3f9-58ce-4e67-b221-27d92776e4da/tasks {} {"title":"Task #3","order":3,"description":"Lorem ipsum","boardId":"533bf3f9-58ce-4e67-b221-27d92776e4da","userId":null,"columnId":null} 200 0.965 ms
POST /boards/533bf3f9-58ce-4e67-b221-27d92776e4da/tasks {} {"title":"Task #4","order":4,"description":"Lorem ipsum","boardId":"533bf3f9-58ce-4e67-b221-27d92776e4da","userId":null,"columnId":null} 200 1.456 ms
POST /boards/533bf3f9-58ce-4e67-b221-27d92776e4da/tasks {} {"title":"Task #1","order":1,"description":"Lorem ipsum","boardId":"533bf3f9-58ce-4e67-b221-27d92776e4da","userId":null,"columnId":null} 200 0.709 ms
POST /boards/533bf3f9-58ce-4e67-b221-27d92776e4da/tasks {} {"title":"Task #5","order":5,"description":"Lorem ipsum","boardId":"533bf3f9-58ce-4e67-b221-27d92776e4da","userId":null,"columnId":null} 200 1.412 ms
DELETE /boards/8bde1db3-a006-451e-b060-dbbcbca32b27/tasks/370b4988-df66-4333-93c1-ab1f00cb93cf {} {} 204 0.425 ms
DELETE /boards/8bde1db3-a006-451e-b060-dbbcbca32b27/tasks/279bb72c-e790-4682-a785-bf73be563ccd {} {} 204 0.690 ms
GET /boards/533bf3f9-58ce-4e67-b221-27d92776e4da/tasks/7130948f-3f9a-417f-9363-bb7ae8772fd1 {} {} 200 0.567 ms
GET /boards/533bf3f9-58ce-4e67-b221-27d92776e4da/tasks/5d4d3e74-b668-45c5-9bb5-037014b307bb {} {} 200 0.546 ms
GET /boards/533bf3f9-58ce-4e67-b221-27d92776e4da/tasks/6a4234d4-c500-4c3b-870f-572e5e4aa8ad {} {} 200 0.521 ms
GET /boards/533bf3f9-58ce-4e67-b221-27d92776e4da/tasks/4f0309c1-8939-4829-964e-383553332fbd {} {} 200 0.503 ms
GET /boards/533bf3f9-58ce-4e67-b221-27d92776e4da/tasks/888e6179-013d-45b9-8ab1-8efcffe793b1 {} {} 200 0.727 ms
DELETE /boards/8bde1db3-a006-451e-b060-dbbcbca32b27 {} {} 204 0.490 ms
DELETE /boards/533bf3f9-58ce-4e67-b221-27d92776e4da {} {} 204 0.513 ms
GET /boards/533bf3f9-58ce-4e67-b221-27d92776e4da/tasks/7130948f-3f9a-417f-9363-bb7ae8772fd1 {} {} 404 0.369 ms
GET /boards/533bf3f9-58ce-4e67-b221-27d92776e4da/tasks/5d4d3e74-b668-45c5-9bb5-037014b307bb {} {} 404 0.257 ms
GET /boards/533bf3f9-58ce-4e67-b221-27d92776e4da/tasks/6a4234d4-c500-4c3b-870f-572e5e4aa8ad {} {} 404 0.300 ms
GET /boards/533bf3f9-58ce-4e67-b221-27d92776e4da/tasks/4f0309c1-8939-4829-964e-383553332fbd {} {} 404 0.397 ms
GET /boards/533bf3f9-58ce-4e67-b221-27d92776e4da/tasks/888e6179-013d-45b9-8ab1-8efcffe793b1 {} {} 404 0.304 ms
DELETE /boards/9083ae1d-25f6-48c9-9e93-3f09b74a3725 {} {} 204 0.377 ms
